<?xml version="1.0" encoding="UTF-8"?>
<testng-results ignored="0" total="6" passed="6" failed="0" skipped="0">
  <reporter-output>
  </reporter-output>
  <suite started-at="2021-12-12T07:33:01Z" name="Default suite" finished-at="2021-12-12T07:34:49Z" duration-ms="108281">
    <groups>
    </groups>
    <test started-at="2021-12-12T07:33:01Z" name="Default test" finished-at="2021-12-12T07:34:49Z" duration-ms="108281">
      <class name="com.automationtesting.AdminPortalTesting">
        <test-method is-config="true" signature="launchBrowser()[pri:0, instance:com.automationtesting.AdminPortalTesting@2034b64c]" started-at="2021-12-12T13:03:01Z" name="launchBrowser" finished-at="2021-12-12T13:03:15Z" duration-ms="13665" status="PASS">
          <reporter-output>
          </reporter-output>
        </test-method> <!-- launchBrowser -->
        <test-method signature="adminLogin()[pri:0, instance:com.automationtesting.AdminPortalTesting@2034b64c]" started-at="2021-12-12T13:03:15Z" name="adminLogin" finished-at="2021-12-12T13:03:23Z" duration-ms="8144" status="PASS">
          <reporter-output>
          </reporter-output>
        </test-method> <!-- adminLogin -->
        <test-method signature="manageBlockedAccounts()[pri:1, instance:com.automationtesting.AdminPortalTesting@2034b64c]" started-at="2021-12-12T13:03:23Z" name="manageBlockedAccounts" finished-at="2021-12-12T13:03:44Z" duration-ms="21611" status="PASS">
          <reporter-output>
          </reporter-output>
        </test-method> <!-- manageBlockedAccounts -->
        <test-method signature="manageChequeBookRequests()[pri:2, instance:com.automationtesting.AdminPortalTesting@2034b64c]" started-at="2021-12-12T13:03:44Z" name="manageChequeBookRequests" finished-at="2021-12-12T13:04:03Z" duration-ms="18162" status="PASS">
          <reporter-output>
          </reporter-output>
        </test-method> <!-- manageChequeBookRequests -->
        <test-method signature="manageUserTransactions()[pri:3, instance:com.automationtesting.AdminPortalTesting@2034b64c]" started-at="2021-12-12T13:04:03Z" name="manageUserTransactions" finished-at="2021-12-12T13:04:21Z" duration-ms="18808" status="PASS">
          <reporter-output>
          </reporter-output>
        </test-method> <!-- manageUserTransactions -->
        <test-method signature="adminLogout()[pri:4, instance:com.automationtesting.AdminPortalTesting@2034b64c]" started-at="2021-12-12T13:04:21Z" name="adminLogout" finished-at="2021-12-12T13:04:36Z" duration-ms="14199" status="PASS">
          <reporter-output>
          </reporter-output>
        </test-method> <!-- adminLogout -->
        <test-method signature="invalidLogin()[pri:5, instance:com.automationtesting.AdminPortalTesting@2034b64c]" started-at="2021-12-12T13:04:36Z" name="invalidLogin" finished-at="2021-12-12T13:04:42Z" duration-ms="6739" status="PASS">
          <reporter-output>
          </reporter-output>
        </test-method> <!-- invalidLogin -->
        <test-method is-config="true" signature="afterMethod()[pri:0, instance:com.automationtesting.AdminPortalTesting@2034b64c]" started-at="2021-12-12T13:04:42Z" name="afterMethod" finished-at="2021-12-12T13:04:49Z" duration-ms="6836" status="PASS">
          <reporter-output>
          </reporter-output>
        </test-method> <!-- afterMethod -->
      </class> <!-- com.automationtesting.AdminPortalTesting -->
    </test> <!-- Default test -->
  </suite> <!-- Default suite -->
</testng-results>
