<?xml version="1.0" encoding="UTF-8"?>
<!-- Generated by org.testng.reporters.JUnitXMLReporter -->
<testsuite ignored="0" hostname="HP-PC" failures="0" tests="6" name="Default test" time="108.281" errors="0" timestamp="12 Dec 2021 07:34:49 GMT">
  <testcase classname="com.automationtesting.AdminPortalTesting" name="adminLogin" time="8.144"/>
  <testcase classname="com.automationtesting.AdminPortalTesting" name="manageBlockedAccounts" time="21.611"/>
  <testcase classname="com.automationtesting.AdminPortalTesting" name="manageChequeBookRequests" time="18.162"/>
  <testcase classname="com.automationtesting.AdminPortalTesting" name="manageUserTransactions" time="18.808"/>
  <testcase classname="com.automationtesting.AdminPortalTesting" name="adminLogout" time="14.199"/>
  <testcase classname="com.automationtesting.AdminPortalTesting" name="invalidLogin" time="6.739"/>
</testsuite> <!-- Default test -->
